                _._                                                  
           _.-``__ ''-._                                             
      _.-``    `.  `_.  ''-._           Redis 3.2.3 (00000000/0) 64 bit
  .-`` .-```.  ```\/    _.,_ ''-._                                   
 (    '      ,       .-`  | `,    )     Running in standalone mode
 |`-._`-...-` __...-.``-._|'` _.-'|     Port: 6379
 |    `-._   `._    /     _.-'    |     PID: 222
  `-._    `-._  `-./  _.-'    _.-'                                   
 |`-._`-._    `-.__.-'    _.-'_.-'|                                  
 |    `-._`-._        _.-'_.-'    |           http://redis.io        
  `-._    `-._`-.__.-'_.-'    _.-'                                   
 |`-._`-._    `-.__.-'    _.-'_.-'|                                  
 |    `-._`-._        _.-'_.-'    |                                  
  `-._    `-._`-.__.-'_.-'    _.-'                                   
      `-._    `-.__.-'    _.-'                                       
          `-._        _.-'                                           
              `-.__.-'                                               

222:M 26 May 08:21:58.686 # WARNING: The TCP backlog setting of 511 cannot be enforced because /proc/sys/net/core/somaxconn is set to the lower value of 128.
222:M 26 May 08:21:58.686 # Server started, Redis version 3.2.3
222:M 26 May 08:21:58.686 # WARNING overcommit_memory is set to 0! Background save may fail under low memory condition. To fix this issue add 'vm.overcommit_memory = 1' to /etc/sysctl.conf and then reboot or run the command 'sysctl vm.overcommit_memory=1' for this to take effect.
222:M 26 May 08:21:58.686 # WARNING you have Transparent Huge Pages (THP) support enabled in your kernel. This will create latency and memory usage issues with Redis. To fix this issue run the command 'echo never > /sys/kernel/mm/transparent_hugepage/enabled' as root, and add it to your /etc/rc.local in order to retain the setting after a reboot. Redis must be restarted after THP is disabled.
222:M 26 May 08:21:58.686 * The server is now ready to accept connections on port 6379
222:M 26 May 08:58:22.191 * 1 changes in 900 seconds. Saving...
222:M 26 May 08:58:22.192 * Background saving started by pid 285
285:C 26 May 08:58:22.196 * DB saved on disk
285:C 26 May 08:58:22.196 * RDB: 6 MB of memory used by copy-on-write
222:M 26 May 08:58:22.292 * Background saving terminated with success
222:M 26 May 09:13:23.039 * 1 changes in 900 seconds. Saving...
222:M 26 May 09:13:23.040 * Background saving started by pid 358
358:C 26 May 09:13:23.047 * DB saved on disk
358:C 26 May 09:13:23.047 * RDB: 6 MB of memory used by copy-on-write
222:M 26 May 09:13:23.140 * Background saving terminated with success
                _._                                                  
           _.-``__ ''-._                                             
      _.-``    `.  `_.  ''-._           Redis 3.2.3 (00000000/0) 64 bit
  .-`` .-```.  ```\/    _.,_ ''-._                                   
 (    '      ,       .-`  | `,    )     Running in standalone mode
 |`-._`-...-` __...-.``-._|'` _.-'|     Port: 6379
 |    `-._   `._    /     _.-'    |     PID: 1124
  `-._    `-._  `-./  _.-'    _.-'                                   
 |`-._`-._    `-.__.-'    _.-'_.-'|                                  
 |    `-._`-._        _.-'_.-'    |           http://redis.io        
  `-._    `-._`-.__.-'_.-'    _.-'                                   
 |`-._`-._    `-.__.-'    _.-'_.-'|                                  
 |    `-._`-._        _.-'_.-'    |                                  
  `-._    `-._`-.__.-'_.-'    _.-'                                   
      `-._    `-.__.-'    _.-'                                       
          `-._        _.-'                                           
              `-.__.-'                                               

1124:M 26 May 11:51:54.231 # WARNING: The TCP backlog setting of 511 cannot be enforced because /proc/sys/net/core/somaxconn is set to the lower value of 128.
1124:M 26 May 11:51:54.231 # Server started, Redis version 3.2.3
1124:M 26 May 11:51:54.231 # WARNING overcommit_memory is set to 0! Background save may fail under low memory condition. To fix this issue add 'vm.overcommit_memory = 1' to /etc/sysctl.conf and then reboot or run the command 'sysctl vm.overcommit_memory=1' for this to take effect.
1124:M 26 May 11:51:54.231 # WARNING you have Transparent Huge Pages (THP) support enabled in your kernel. This will create latency and memory usage issues with Redis. To fix this issue run the command 'echo never > /sys/kernel/mm/transparent_hugepage/enabled' as root, and add it to your /etc/rc.local in order to retain the setting after a reboot. Redis must be restarted after THP is disabled.
1124:M 26 May 11:51:54.231 * DB loaded from disk: 0.000 seconds
1124:M 26 May 11:51:54.232 * The server is now ready to accept connections on port 6379
1124:M 26 May 12:06:55.054 * 1 changes in 900 seconds. Saving...
1124:M 26 May 12:06:55.055 * Background saving started by pid 1354
1354:C 26 May 12:06:55.058 * DB saved on disk
1354:C 26 May 12:06:55.059 * RDB: 6 MB of memory used by copy-on-write
1124:M 26 May 12:06:55.155 * Background saving terminated with success
1124:M 26 May 13:17:58.683 * 1 changes in 900 seconds. Saving...
1124:M 26 May 13:17:58.684 * Background saving started by pid 1829
1829:C 26 May 13:17:58.688 * DB saved on disk
1829:C 26 May 13:17:58.688 * RDB: 6 MB of memory used by copy-on-write
1124:M 26 May 13:17:58.784 * Background saving terminated with success
1124:M 26 May 13:31:56.531 * 10 changes in 300 seconds. Saving...
1124:M 26 May 13:31:56.532 * Background saving started by pid 1876
1876:C 26 May 13:31:56.537 * DB saved on disk
1876:C 26 May 13:31:56.537 * RDB: 6 MB of memory used by copy-on-write
1124:M 26 May 13:31:56.632 * Background saving terminated with success
1124:M 26 May 13:39:50.078 * 10 changes in 300 seconds. Saving...
1124:M 26 May 13:39:50.078 * Background saving started by pid 1965
1965:C 26 May 13:39:50.085 * DB saved on disk
1965:C 26 May 13:39:50.086 * RDB: 6 MB of memory used by copy-on-write
1124:M 26 May 13:39:50.178 * Background saving terminated with success
1124:M 26 May 13:54:51.087 * 1 changes in 900 seconds. Saving...
1124:M 26 May 13:54:51.091 * Background saving started by pid 2043
2043:C 26 May 13:54:51.095 * DB saved on disk
2043:C 26 May 13:54:51.095 * RDB: 6 MB of memory used by copy-on-write
1124:M 26 May 13:54:51.191 * Background saving terminated with success
1124:M 26 May 14:03:00.868 * 10 changes in 300 seconds. Saving...
1124:M 26 May 14:03:00.869 * Background saving started by pid 2160
2160:C 26 May 14:03:00.893 * DB saved on disk
2160:C 26 May 14:03:00.893 * RDB: 6 MB of memory used by copy-on-write
1124:M 26 May 14:03:00.969 * Background saving terminated with success
